d:\академия шаг\с++\экзамен\15shki\debug\vc142.pdb
d:\академия шаг\с++\экзамен\15shki\debug\vc142.idb
d:\академия шаг\с++\экзамен\15shki\debug\15shki.obj
d:\академия шаг\с++\экзамен\15shki\debug\15func.obj
c:\users\student\source\repos\urfin jus\15shki\15shki\debug\vc142.pdb
c:\users\student\source\repos\urfin jus\15shki\15shki\debug\vc142.idb
c:\users\student\source\repos\urfin jus\15shki\15shki\debug\15shki.obj
c:\users\student\source\repos\urfin jus\15shki\15shki\debug\15func.obj
d:\академия шаг\с++\экзамен\15shki\debug\15shki.exe
d:\академия шаг\с++\экзамен\15shki\debug\15shki.ilk
d:\академия шаг\с++\экзамен\15shki\debug\15shki.pdb
c:\users\student\source\repos\urfin jus\15shki\15shki\debug\15shki.ilk
c:\users\student\source\repos\urfin jus\15shki\15shki\debug\15shki.exe
c:\users\student\source\repos\urfin jus\15shki\15shki\debug\15shki.pdb
c:\users\student\source\repos\urfin jus\15shki\15shki\debug\15shki.tlog\cl.command.1.tlog
c:\users\student\source\repos\urfin jus\15shki\15shki\debug\15shki.tlog\cl.read.1.tlog
c:\users\student\source\repos\urfin jus\15shki\15shki\debug\15shki.tlog\cl.write.1.tlog
c:\users\student\source\repos\urfin jus\15shki\15shki\debug\15shki.tlog\link.command.1.tlog
c:\users\student\source\repos\urfin jus\15shki\15shki\debug\15shki.tlog\link.read.1.tlog
c:\users\student\source\repos\urfin jus\15shki\15shki\debug\15shki.tlog\link.write.1.tlog
